app/build/intermediates/manifest_merge_blame_file/release/manifest-merger-blame-release-report.txt
1<?xml version="1.0" encoding="utf-8"?>
2<manifest xmlns:android="http://schemas.android.com/apk/res/android"
3    package="com.emotaxi"
4    android:versionCode="4"
5    android:versionName="4.0" >
6
7    <uses-sdk
8        android:minSdkVersion="21"
8-->src\main\AndroidManifest.xml
9        android:targetSdkVersion="30" />
9-->src\main\AndroidManifest.xml
10
11    <uses-permission android:name="android.permission.ACCESS_COARSE_LOCATION" />
11-->src\main\AndroidManifest.xml:5:5-81
11-->src\main\AndroidManifest.xml:5:22-78
12    <uses-permission android:name="android.permission.ACCESS_FINE_LOCATION" />
12-->src\main\AndroidManifest.xml:6:5-79
12-->src\main\AndroidManifest.xml:6:22-76
13    <uses-permission android:name="android.permission.CALL_PHONE" />
13-->src\main\AndroidManifest.xml:7:5-69
13-->src\main\AndroidManifest.xml:7:22-66
14    <uses-permission android:name="android.permission.CAMERA" />
14-->src\main\AndroidManifest.xml:8:5-65
14-->src\main\AndroidManifest.xml:8:22-62
15    <uses-permission android:name="android.permission.READ_EXTERNAL_STORAGE" />
15-->src\main\AndroidManifest.xml:9:5-80
15-->src\main\AndroidManifest.xml:9:22-77
16    <uses-permission android:name="android.permission.WRITE_EXTERNAL_STORAGE" />
16-->src\main\AndroidManifest.xml:10:5-81
16-->src\main\AndroidManifest.xml:10:22-78
17    <uses-permission android:name="android.permission.READ_PHONE_NUMBERS" />
17-->src\main\AndroidManifest.xml:11:5-77
17-->src\main\AndroidManifest.xml:11:22-74
18
19    <uses-feature android:name="android.hardware.location.gps" />
19-->src\main\AndroidManifest.xml:12:5-66
19-->src\main\AndroidManifest.xml:12:19-63
20
21    <uses-permission android:name="android.permission.ACCESS_BACKGROUND_LOCATION" />
21-->src\main\AndroidManifest.xml:13:5-85
21-->src\main\AndroidManifest.xml:13:22-82
22    <uses-permission android:name="android.permission.ACCESS_WIFI_STATE" />
22-->[com.google.android.libraries.places:places:2.4.0] AndroidManifest.xml:10:5-76
22-->[com.google.android.libraries.places:places:2.4.0] AndroidManifest.xml:10:22-73
23    <uses-permission android:name="android.permission.INTERNET" /> <!-- Include required permissions for Google Maps API to run. -->
23-->[com.google.android.libraries.places:places:2.4.0] AndroidManifest.xml:11:5-67
23-->[com.google.android.libraries.places:places:2.4.0] AndroidManifest.xml:11:22-64
24    <uses-permission android:name="android.permission.ACCESS_NETWORK_STATE" />
24-->[com.google.android.gms:play-services-maps:17.0.0] AndroidManifest.xml:23:5-79
24-->[com.google.android.gms:play-services-maps:17.0.0] AndroidManifest.xml:23:22-76
25
26    <uses-feature
26-->[com.google.android.gms:play-services-maps:17.0.0] AndroidManifest.xml:26:5-28:35
27        android:glEsVersion="0x00020000"
27-->[com.google.android.gms:play-services-maps:17.0.0] AndroidManifest.xml:27:9-41
28        android:required="true" />
28-->[com.google.android.gms:play-services-maps:17.0.0] AndroidManifest.xml:28:9-32
29
30    <application
30-->src\main\AndroidManifest.xml:15:5-52:19
31        android:allowBackup="true"
31-->src\main\AndroidManifest.xml:16:9-35
32        android:appComponentFactory="androidx.core.app.CoreComponentFactory"
32-->[androidx.core:core:1.3.2] AndroidManifest.xml:24:18-86
33        android:hardwareAccelerated="true"
33-->src\main\AndroidManifest.xml:17:9-43
34        android:icon="@mipmap/new_splash"
34-->src\main\AndroidManifest.xml:18:9-42
35        android:label="@string/app_name"
35-->src\main\AndroidManifest.xml:19:9-41
36        android:roundIcon="@mipmap/new_splash"
36-->src\main\AndroidManifest.xml:20:9-47
37        android:supportsRtl="true"
37-->src\main\AndroidManifest.xml:21:9-35
38        android:theme="@style/Theme.EmoTaxi"
38-->src\main\AndroidManifest.xml:22:9-45
39        android:usesCleartextTraffic="true" >
39-->src\main\AndroidManifest.xml:23:9-44
40        <activity android:name="com.emotaxi.SelectLanguageActivity" />
40-->src\main\AndroidManifest.xml:24:9-60
40-->src\main\AndroidManifest.xml:24:19-57
41        <activity android:name="com.emotaxi.AddCardActivity" />
41-->src\main\AndroidManifest.xml:25:9-53
41-->src\main\AndroidManifest.xml:25:19-50
42        <activity android:name="com.emotaxi.GetStartedActivity" />
42-->src\main\AndroidManifest.xml:26:9-56
42-->src\main\AndroidManifest.xml:26:19-53
43        <activity android:name="com.emotaxi.OtpVerificationActivity" />
43-->src\main\AndroidManifest.xml:27:9-61
43-->src\main\AndroidManifest.xml:27:19-58
44        <activity android:name="com.emotaxi.SignUpActivity" />
44-->src\main\AndroidManifest.xml:28:9-52
44-->src\main\AndroidManifest.xml:28:19-49
45        <activity android:name="com.emotaxi.BookingDetailsActivity" />
45-->src\main\AndroidManifest.xml:29:9-60
45-->src\main\AndroidManifest.xml:29:19-57
46        <activity android:name="com.emotaxi.LocationSelectionActivity" />
46-->src\main\AndroidManifest.xml:30:9-63
46-->src\main\AndroidManifest.xml:30:19-60
47        <activity android:name="com.emotaxi.CardActivity" />
47-->src\main\AndroidManifest.xml:31:9-50
47-->src\main\AndroidManifest.xml:31:19-47
48        <activity android:name="com.emotaxi.ProfileActivity" />
48-->src\main\AndroidManifest.xml:32:9-53
48-->src\main\AndroidManifest.xml:32:19-50
49        <activity android:name="com.emotaxi.ConfirmActivity" />
49-->src\main\AndroidManifest.xml:33:9-53
49-->src\main\AndroidManifest.xml:33:19-50
50        <activity android:name="com.emotaxi.LocationTrackingActivity" />
50-->src\main\AndroidManifest.xml:34:9-62
50-->src\main\AndroidManifest.xml:34:19-59
51        <activity android:name="com.emotaxi.MainActivity" />
51-->src\main\AndroidManifest.xml:35:9-50
51-->src\main\AndroidManifest.xml:35:19-47
52        <activity
52-->src\main\AndroidManifest.xml:36:9-44:20
53            android:name="com.emotaxi.SplashActivity"
53-->src\main\AndroidManifest.xml:37:13-43
54            android:parentActivityName="com.emotaxi.MainActivity"
54-->src\main\AndroidManifest.xml:38:13-55
55            android:theme="@style/Theme.AppCompat.Light.NoActionBar" >
55-->src\main\AndroidManifest.xml:39:13-69
56            <intent-filter>
56-->src\main\AndroidManifest.xml:40:13-43:29
57                <action android:name="android.intent.action.MAIN" />
57-->src\main\AndroidManifest.xml:41:17-69
57-->src\main\AndroidManifest.xml:41:25-66
58
59                <category android:name="android.intent.category.LAUNCHER" />
59-->src\main\AndroidManifest.xml:42:17-77
59-->src\main\AndroidManifest.xml:42:27-74
60            </intent-filter>
61        </activity>
62
63        <meta-data
63-->src\main\AndroidManifest.xml:46:9-48:69
64            android:name="com.google.android.gms.version"
64-->src\main\AndroidManifest.xml:47:13-58
65            android:value="@integer/google_play_services_version" />
65-->src\main\AndroidManifest.xml:48:13-66
66        <meta-data
66-->src\main\AndroidManifest.xml:49:9-51:55
67            android:name="com.google.android.geo.API_KEY"
67-->src\main\AndroidManifest.xml:50:13-58
68            android:value="@string/google_maps_key" />
68-->src\main\AndroidManifest.xml:51:13-52
69
70        <activity
70-->[com.stripe:stripe-android:16.1.1] AndroidManifest.xml:10:9-12:57
71            android:name="com.stripe.android.view.AddPaymentMethodActivity"
71-->[com.stripe:stripe-android:16.1.1] AndroidManifest.xml:11:13-76
72            android:theme="@style/StripeDefaultTheme" />
72-->[com.stripe:stripe-android:16.1.1] AndroidManifest.xml:12:13-54
73        <activity
73-->[com.stripe:stripe-android:16.1.1] AndroidManifest.xml:13:9-15:57
74            android:name="com.stripe.android.view.PaymentMethodsActivity"
74-->[com.stripe:stripe-android:16.1.1] AndroidManifest.xml:14:13-74
75            android:theme="@style/StripeDefaultTheme" />
75-->[com.stripe:stripe-android:16.1.1] AndroidManifest.xml:15:13-54
76        <activity
76-->[com.stripe:stripe-android:16.1.1] AndroidManifest.xml:16:9-18:57
77            android:name="com.stripe.android.view.PaymentFlowActivity"
77-->[com.stripe:stripe-android:16.1.1] AndroidManifest.xml:17:13-71
78            android:theme="@style/StripeDefaultTheme" />
78-->[com.stripe:stripe-android:16.1.1] AndroidManifest.xml:18:13-54
79        <activity
79-->[com.stripe:stripe-android:16.1.1] AndroidManifest.xml:19:9-22:58
80            android:name="com.stripe.android.view.PaymentAuthWebViewActivity"
80-->[com.stripe:stripe-android:16.1.1] AndroidManifest.xml:20:13-78
81            android:theme="@style/StripeDefaultTheme"
81-->[com.stripe:stripe-android:16.1.1] AndroidManifest.xml:21:13-54
82            android:windowSoftInputMode="adjustResize" />
82-->[com.stripe:stripe-android:16.1.1] AndroidManifest.xml:22:13-55
83        <activity
83-->[com.stripe:stripe-android:16.1.1] AndroidManifest.xml:23:9-25:57
84            android:name="com.stripe.android.view.PaymentRelayActivity"
84-->[com.stripe:stripe-android:16.1.1] AndroidManifest.xml:24:13-72
85            android:theme="@style/StripeDefaultTheme" />
85-->[com.stripe:stripe-android:16.1.1] AndroidManifest.xml:25:13-54
86        <activity
86-->[com.stripe:stripe-android:16.1.1] AndroidManifest.xml:26:9-28:57
87            android:name="com.stripe.android.view.Stripe3ds2CompletionActivity"
87-->[com.stripe:stripe-android:16.1.1] AndroidManifest.xml:27:13-80
88            android:theme="@style/StripeDefaultTheme" />
88-->[com.stripe:stripe-android:16.1.1] AndroidManifest.xml:28:13-54
89        <activity
89-->[com.stripe:stripe-android:16.1.1] AndroidManifest.xml:29:9-31:69
90            android:name="com.stripe.android.paymentsheet.PaymentSheetActivity"
90-->[com.stripe:stripe-android:16.1.1] AndroidManifest.xml:30:13-80
91            android:theme="@style/StripePaymentSheetDefaultTheme" />
91-->[com.stripe:stripe-android:16.1.1] AndroidManifest.xml:31:13-66
92        <activity
92-->[com.stripe:stripe-android:16.1.1] AndroidManifest.xml:32:9-34:69
93            android:name="com.stripe.android.paymentsheet.PaymentOptionsActivity"
93-->[com.stripe:stripe-android:16.1.1] AndroidManifest.xml:33:13-82
94            android:theme="@style/StripePaymentSheetDefaultTheme" />
94-->[com.stripe:stripe-android:16.1.1] AndroidManifest.xml:34:13-66
95        <activity
95-->[com.stripe:stripe-3ds2-android:4.1.2] AndroidManifest.xml:10:9-12:54
96            android:name="com.stripe.android.stripe3ds2.views.ChallengeActivity"
96-->[com.stripe:stripe-3ds2-android:4.1.2] AndroidManifest.xml:11:13-81
97            android:theme="@style/Stripe3DS2Theme" />
97-->[com.stripe:stripe-3ds2-android:4.1.2] AndroidManifest.xml:12:13-51
98        <activity
98-->[com.stripe:stripe-3ds2-android:4.1.2] AndroidManifest.xml:13:9-15:54
99            android:name="com.stripe.android.stripe3ds2.views.ChallengeProgressActivity"
99-->[com.stripe:stripe-3ds2-android:4.1.2] AndroidManifest.xml:14:13-89
100            android:theme="@style/Stripe3DS2Theme" />
100-->[com.stripe:stripe-3ds2-android:4.1.2] AndroidManifest.xml:15:13-51
101        <activity
101-->[com.google.android.libraries.places:places:2.4.0] AndroidManifest.xml:14:9-20:20
102            android:name="com.google.android.libraries.places.widget.AutocompleteActivity"
102-->[com.google.android.libraries.places:places:2.4.0] AndroidManifest.xml:15:13-91
103            android:exported="false"
103-->[com.google.android.libraries.places:places:2.4.0] AndroidManifest.xml:16:13-37
104            android:label="@string/places_autocomplete_label"
104-->[com.google.android.libraries.places:places:2.4.0] AndroidManifest.xml:17:13-62
105            android:theme="@style/PlacesAutocompleteOverlay"
105-->[com.google.android.libraries.places:places:2.4.0] AndroidManifest.xml:18:13-61
106            android:windowSoftInputMode="adjustResize" >
106-->[com.google.android.libraries.places:places:2.4.0] AndroidManifest.xml:19:13-55
107        </activity> <!-- Needs to be explicitly declared on P+ -->
108        <uses-library
108-->[com.google.android.gms:play-services-maps:17.0.0] AndroidManifest.xml:33:9-35:40
109            android:name="org.apache.http.legacy"
109-->[com.google.android.gms:play-services-maps:17.0.0] AndroidManifest.xml:34:13-50
110            android:required="false" />
110-->[com.google.android.gms:play-services-maps:17.0.0] AndroidManifest.xml:35:13-37
111
112        <activity
112-->[com.google.android.gms:play-services-auth:18.1.0] AndroidManifest.xml:23:9-27:75
113            android:name="com.google.android.gms.auth.api.signin.internal.SignInHubActivity"
113-->[com.google.android.gms:play-services-auth:18.1.0] AndroidManifest.xml:24:13-93
114            android:excludeFromRecents="true"
114-->[com.google.android.gms:play-services-auth:18.1.0] AndroidManifest.xml:25:13-46
115            android:exported="false"
115-->[com.google.android.gms:play-services-auth:18.1.0] AndroidManifest.xml:26:13-37
116            android:theme="@android:style/Theme.Translucent.NoTitleBar" />
116-->[com.google.android.gms:play-services-auth:18.1.0] AndroidManifest.xml:27:13-72
117        <!--
118            Service handling Google Sign-In user revocation. For apps that do not integrate with
119            Google Sign-In, this service will never be started.
120        -->
121        <service
121-->[com.google.android.gms:play-services-auth:18.1.0] AndroidManifest.xml:33:9-37:51
122            android:name="com.google.android.gms.auth.api.signin.RevocationBoundService"
122-->[com.google.android.gms:play-services-auth:18.1.0] AndroidManifest.xml:34:13-89
123            android:exported="true"
123-->[com.google.android.gms:play-services-auth:18.1.0] AndroidManifest.xml:35:13-36
124            android:permission="com.google.android.gms.auth.api.signin.permission.REVOCATION_NOTIFICATION"
124-->[com.google.android.gms:play-services-auth:18.1.0] AndroidManifest.xml:36:13-107
125            android:visibleToInstantApps="true" />
125-->[com.google.android.gms:play-services-auth:18.1.0] AndroidManifest.xml:37:13-48
126
127        <activity
127-->[com.google.android.gms:play-services-base:17.2.1] AndroidManifest.xml:23:9-26:75
128            android:name="com.google.android.gms.common.api.GoogleApiActivity"
128-->[com.google.android.gms:play-services-base:17.2.1] AndroidManifest.xml:24:13-79
129            android:exported="false"
129-->[com.google.android.gms:play-services-base:17.2.1] AndroidManifest.xml:25:13-37
130            android:theme="@android:style/Theme.Translucent.NoTitleBar" />
130-->[com.google.android.gms:play-services-base:17.2.1] AndroidManifest.xml:26:13-72
131
132        <service
132-->[com.google.android.datatransport:transport-backend-cct:2.3.0] AndroidManifest.xml:29:9-35:19
133            android:name="com.google.android.datatransport.runtime.backends.TransportBackendDiscovery"
133-->[com.google.android.datatransport:transport-backend-cct:2.3.0] AndroidManifest.xml:30:13-103
134            android:exported="false" >
134-->[com.google.android.datatransport:transport-backend-cct:2.3.0] AndroidManifest.xml:31:13-37
135            <meta-data
135-->[com.google.android.datatransport:transport-backend-cct:2.3.0] AndroidManifest.xml:32:13-34:39
136                android:name="backend:com.google.android.datatransport.cct.CctBackendFactory"
136-->[com.google.android.datatransport:transport-backend-cct:2.3.0] AndroidManifest.xml:33:17-94
137                android:value="cct" />
137-->[com.google.android.datatransport:transport-backend-cct:2.3.0] AndroidManifest.xml:34:17-36
138        </service>
139        <service
139-->[com.google.android.datatransport:transport-runtime:2.2.3] AndroidManifest.xml:26:9-30:19
140            android:name="com.google.android.datatransport.runtime.scheduling.jobscheduling.JobInfoSchedulerService"
140-->[com.google.android.datatransport:transport-runtime:2.2.3] AndroidManifest.xml:27:13-117
141            android:exported="false"
141-->[com.google.android.datatransport:transport-runtime:2.2.3] AndroidManifest.xml:28:13-37
142            android:permission="android.permission.BIND_JOB_SERVICE" >
142-->[com.google.android.datatransport:transport-runtime:2.2.3] AndroidManifest.xml:29:13-69
143        </service>
144
145        <receiver
145-->[com.google.android.datatransport:transport-runtime:2.2.3] AndroidManifest.xml:32:9-34:40
146            android:name="com.google.android.datatransport.runtime.scheduling.jobscheduling.AlarmManagerSchedulerBroadcastReceiver"
146-->[com.google.android.datatransport:transport-runtime:2.2.3] AndroidManifest.xml:33:13-132
147            android:exported="false" />
147-->[com.google.android.datatransport:transport-runtime:2.2.3] AndroidManifest.xml:34:13-37
148
149        <provider
149-->[androidx.lifecycle:lifecycle-process:2.1.0] AndroidManifest.xml:23:9-27:43
150            android:name="androidx.lifecycle.ProcessLifecycleOwnerInitializer"
150-->[androidx.lifecycle:lifecycle-process:2.1.0] AndroidManifest.xml:24:13-79
151            android:authorities="com.emotaxi.lifecycle-process"
151-->[androidx.lifecycle:lifecycle-process:2.1.0] AndroidManifest.xml:25:13-69
152            android:exported="false"
152-->[androidx.lifecycle:lifecycle-process:2.1.0] AndroidManifest.xml:26:13-37
153            android:multiprocess="true" />
153-->[androidx.lifecycle:lifecycle-process:2.1.0] AndroidManifest.xml:27:13-40
154    </application>
155
156</manifest>